{"total": {"lines":{"total":205,"covered":41,"skipped":0,"pct":20},"statements":{"total":217,"covered":41,"skipped":0,"pct":18.89},"functions":{"total":95,"covered":1,"skipped":0,"pct":1.05},"branches":{"total":32,"covered":1,"skipped":0,"pct":3.12},"branchesTrue":{"total":0,"covered":0,"skipped":0,"pct":100}}
,"D:\\React Native Projects\\medicine-time-tracker\\components\\FormElements.tsx": {"lines":{"total":29,"covered":11,"skipped":0,"pct":37.93},"functions":{"total":20,"covered":0,"skipped":0,"pct":0},"statements":{"total":31,"covered":11,"skipped":0,"pct":35.48},"branches":{"total":2,"covered":0,"skipped":0,"pct":0}}
,"D:\\React Native Projects\\medicine-time-tracker\\components\\NewTimeTrackerForm\\components\\Reminders.tsx": {"lines":{"total":20,"covered":6,"skipped":0,"pct":30},"functions":{"total":10,"covered":0,"skipped":0,"pct":0},"statements":{"total":21,"covered":6,"skipped":0,"pct":28.57},"branches":{"total":2,"covered":0,"skipped":0,"pct":0}}
,"D:\\React Native Projects\\medicine-time-tracker\\contexts\\TimeTrackerContext.tsx": {"lines":{"total":40,"covered":4,"skipped":0,"pct":10},"functions":{"total":16,"covered":0,"skipped":0,"pct":0},"statements":{"total":45,"covered":4,"skipped":0,"pct":8.88},"branches":{"total":6,"covered":0,"skipped":0,"pct":0}}
,"D:\\React Native Projects\\medicine-time-tracker\\hooks\\useDatabase.ts": {"lines":{"total":62,"covered":8,"skipped":0,"pct":12.9},"functions":{"total":26,"covered":0,"skipped":0,"pct":0},"statements":{"total":63,"covered":8,"skipped":0,"pct":12.69},"branches":{"total":8,"covered":0,"skipped":0,"pct":0}}
,"D:\\React Native Projects\\medicine-time-tracker\\hooks\\useNotifications.ts": {"lines":{"total":19,"covered":2,"skipped":0,"pct":10.52},"functions":{"total":7,"covered":0,"skipped":0,"pct":0},"statements":{"total":19,"covered":2,"skipped":0,"pct":10.52},"branches":{"total":2,"covered":0,"skipped":0,"pct":0}}
,"D:\\React Native Projects\\medicine-time-tracker\\screens\\Welcome\\Welcome.tsx": {"lines":{"total":17,"covered":2,"skipped":0,"pct":11.76},"functions":{"total":6,"covered":0,"skipped":0,"pct":0},"statements":{"total":19,"covered":2,"skipped":0,"pct":10.52},"branches":{"total":10,"covered":0,"skipped":0,"pct":0}}
,"D:\\React Native Projects\\medicine-time-tracker\\screens\\Welcome\\components\\TrackerCard.tsx": {"lines":{"total":14,"covered":4,"skipped":0,"pct":28.57},"functions":{"total":9,"covered":0,"skipped":0,"pct":0},"statements":{"total":14,"covered":4,"skipped":0,"pct":28.57},"branches":{"total":0,"covered":0,"skipped":0,"pct":100}}
,"D:\\React Native Projects\\medicine-time-tracker\\utils\\parseTimePeriods.ts": {"lines":{"total":4,"covered":4,"skipped":0,"pct":100},"functions":{"total":1,"covered":1,"skipped":0,"pct":100},"statements":{"total":5,"covered":4,"skipped":0,"pct":80},"branches":{"total":2,"covered":1,"skipped":0,"pct":50}}
}
