{"total": {"lines":{"total":188,"covered":142,"skipped":0,"pct":75.53},"statements":{"total":206,"covered":148,"skipped":0,"pct":71.84},"functions":{"total":87,"covered":63,"skipped":0,"pct":72.41},"branches":{"total":46,"covered":22,"skipped":0,"pct":47.82},"branchesTrue":{"total":0,"covered":0,"skipped":0,"pct":100}}
,"D:\\React Native Projects\\medicine-time-tracker\\components\\FormElements.tsx": {"lines":{"total":29,"covered":27,"skipped":0,"pct":93.1},"functions":{"total":20,"covered":18,"skipped":0,"pct":90},"statements":{"total":31,"covered":29,"skipped":0,"pct":93.54},"branches":{"total":2,"covered":2,"skipped":0,"pct":100}}
,"D:\\React Native Projects\\medicine-time-tracker\\components\\NewTimeTrackerForm\\NewTimeTrackerForm.tsx": {"lines":{"total":32,"covered":20,"skipped":0,"pct":62.5},"functions":{"total":10,"covered":7,"skipped":0,"pct":70},"statements":{"total":35,"covered":20,"skipped":0,"pct":57.14},"branches":{"total":18,"covered":13,"skipped":0,"pct":72.22}}
,"D:\\React Native Projects\\medicine-time-tracker\\components\\NewTimeTrackerForm\\components\\DatePicker.tsx": {"lines":{"total":19,"covered":13,"skipped":0,"pct":68.42},"functions":{"total":12,"covered":8,"skipped":0,"pct":66.66},"statements":{"total":22,"covered":15,"skipped":0,"pct":68.18},"branches":{"total":6,"covered":1,"skipped":0,"pct":16.66}}
,"D:\\React Native Projects\\medicine-time-tracker\\components\\NewTimeTrackerForm\\components\\Reminders.tsx": {"lines":{"total":20,"covered":16,"skipped":0,"pct":80},"functions":{"total":10,"covered":7,"skipped":0,"pct":70},"statements":{"total":21,"covered":16,"skipped":0,"pct":76.19},"branches":{"total":2,"covered":0,"skipped":0,"pct":0}}
,"D:\\React Native Projects\\medicine-time-tracker\\contexts\\SettingsContext.tsx": {"lines":{"total":4,"covered":4,"skipped":0,"pct":100},"functions":{"total":1,"covered":1,"skipped":0,"pct":100},"statements":{"total":4,"covered":4,"skipped":0,"pct":100},"branches":{"total":0,"covered":0,"skipped":0,"pct":100}}
,"D:\\React Native Projects\\medicine-time-tracker\\contexts\\TimeTrackerContext.tsx": {"lines":{"total":40,"covered":20,"skipped":0,"pct":50},"functions":{"total":16,"covered":5,"skipped":0,"pct":31.25},"statements":{"total":45,"covered":21,"skipped":0,"pct":46.66},"branches":{"total":6,"covered":1,"skipped":0,"pct":16.66}}
,"D:\\React Native Projects\\medicine-time-tracker\\screens\\AddTracker\\AddTracker.tsx": {"lines":{"total":2,"covered":2,"skipped":0,"pct":100},"functions":{"total":1,"covered":1,"skipped":0,"pct":100},"statements":{"total":2,"covered":2,"skipped":0,"pct":100},"branches":{"total":0,"covered":0,"skipped":0,"pct":100}}
,"D:\\React Native Projects\\medicine-time-tracker\\screens\\Settings\\Settings.tsx": {"lines":{"total":1,"covered":1,"skipped":0,"pct":100},"functions":{"total":1,"covered":1,"skipped":0,"pct":100},"statements":{"total":2,"covered":2,"skipped":0,"pct":100},"branches":{"total":0,"covered":0,"skipped":0,"pct":100}}
,"D:\\React Native Projects\\medicine-time-tracker\\screens\\Welcome\\Welcome.tsx": {"lines":{"total":17,"covered":15,"skipped":0,"pct":88.23},"functions":{"total":6,"covered":5,"skipped":0,"pct":83.33},"statements":{"total":19,"covered":15,"skipped":0,"pct":78.94},"branches":{"total":10,"covered":4,"skipped":0,"pct":40}}
,"D:\\React Native Projects\\medicine-time-tracker\\screens\\Welcome\\components\\TrackerCard.tsx": {"lines":{"total":14,"covered":14,"skipped":0,"pct":100},"functions":{"total":9,"covered":9,"skipped":0,"pct":100},"statements":{"total":14,"covered":14,"skipped":0,"pct":100},"branches":{"total":0,"covered":0,"skipped":0,"pct":100}}
,"D:\\React Native Projects\\medicine-time-tracker\\styles\\theme.ts": {"lines":{"total":6,"covered":6,"skipped":0,"pct":100},"functions":{"total":0,"covered":0,"skipped":0,"pct":100},"statements":{"total":6,"covered":6,"skipped":0,"pct":100},"branches":{"total":0,"covered":0,"skipped":0,"pct":100}}
,"D:\\React Native Projects\\medicine-time-tracker\\utils\\parseTimePeriods.ts": {"lines":{"total":4,"covered":4,"skipped":0,"pct":100},"functions":{"total":1,"covered":1,"skipped":0,"pct":100},"statements":{"total":5,"covered":4,"skipped":0,"pct":80},"branches":{"total":2,"covered":1,"skipped":0,"pct":50}}
}
